1741856837660|0|statement|connection 7|url jdbc:h2:mem:test|     drop table if exists favorites cascade |     drop table if exists favorites cascade 
1741856837661|0|statement|connection 7|url jdbc:h2:mem:test|     drop table if exists feedback cascade |     drop table if exists feedback cascade 
1741856837662|0|statement|connection 7|url jdbc:h2:mem:test|     drop table if exists locations cascade |     drop table if exists locations cascade 
1741856837663|0|statement|connection 7|url jdbc:h2:mem:test|     drop table if exists places cascade |     drop table if exists places cascade 
1741856837664|0|statement|connection 7|url jdbc:h2:mem:test|     drop table if exists place_tags cascade |     drop table if exists place_tags cascade 
1741856837665|0|statement|connection 7|url jdbc:h2:mem:test|     drop table if exists reports cascade |     drop table if exists reports cascade 
1741856837665|0|statement|connection 7|url jdbc:h2:mem:test|     drop table if exists room_members cascade |     drop table if exists room_members cascade 
1741856837666|0|statement|connection 7|url jdbc:h2:mem:test|     drop table if exists rooms cascade |     drop table if exists rooms cascade 
1741856837666|0|statement|connection 7|url jdbc:h2:mem:test|     drop table if exists room_tags cascade |     drop table if exists room_tags cascade 
1741856837667|0|statement|connection 7|url jdbc:h2:mem:test|     drop table if exists tags cascade |     drop table if exists tags cascade 
1741856837667|0|statement|connection 7|url jdbc:h2:mem:test|     drop table if exists users cascade |     drop table if exists users cascade 
1741857899596|0|statement|connection 7|url jdbc:h2:mem:test|     drop table if exists favorites cascade |     drop table if exists favorites cascade 
1741857899597|0|statement|connection 7|url jdbc:h2:mem:test|     drop table if exists feedback cascade |     drop table if exists feedback cascade 
1741857899598|0|statement|connection 7|url jdbc:h2:mem:test|     drop table if exists locations cascade |     drop table if exists locations cascade 
1741857899599|0|statement|connection 7|url jdbc:h2:mem:test|     drop table if exists places cascade |     drop table if exists places cascade 
1741857899599|0|statement|connection 7|url jdbc:h2:mem:test|     drop table if exists place_tags cascade |     drop table if exists place_tags cascade 
1741857899600|0|statement|connection 7|url jdbc:h2:mem:test|     drop table if exists reports cascade |     drop table if exists reports cascade 
1741857899600|0|statement|connection 7|url jdbc:h2:mem:test|     drop table if exists room_members cascade |     drop table if exists room_members cascade 
1741857899600|0|statement|connection 7|url jdbc:h2:mem:test|     drop table if exists rooms cascade |     drop table if exists rooms cascade 
1741857899601|0|statement|connection 7|url jdbc:h2:mem:test|     drop table if exists room_tags cascade |     drop table if exists room_tags cascade 
1741857899601|0|statement|connection 7|url jdbc:h2:mem:test|     drop table if exists tags cascade |     drop table if exists tags cascade 
1741857899602|0|statement|connection 7|url jdbc:h2:mem:test|     drop table if exists users cascade |     drop table if exists users cascade 
1741858536907|0|statement|connection 7|url jdbc:h2:mem:test|     drop table if exists favorites cascade |     drop table if exists favorites cascade 
1741858536909|0|statement|connection 7|url jdbc:h2:mem:test|     drop table if exists feedback cascade |     drop table if exists feedback cascade 
1741858536910|0|statement|connection 7|url jdbc:h2:mem:test|     drop table if exists locations cascade |     drop table if exists locations cascade 
1741858536910|0|statement|connection 7|url jdbc:h2:mem:test|     drop table if exists places cascade |     drop table if exists places cascade 
1741858536911|0|statement|connection 7|url jdbc:h2:mem:test|     drop table if exists place_tags cascade |     drop table if exists place_tags cascade 
1741858536911|0|statement|connection 7|url jdbc:h2:mem:test|     drop table if exists reports cascade |     drop table if exists reports cascade 
1741858536912|0|statement|connection 7|url jdbc:h2:mem:test|     drop table if exists room_members cascade |     drop table if exists room_members cascade 
1741858536912|0|statement|connection 7|url jdbc:h2:mem:test|     drop table if exists rooms cascade |     drop table if exists rooms cascade 
1741858536913|0|statement|connection 7|url jdbc:h2:mem:test|     drop table if exists room_tags cascade |     drop table if exists room_tags cascade 
1741858536913|0|statement|connection 7|url jdbc:h2:mem:test|     drop table if exists tags cascade |     drop table if exists tags cascade 
1741858536914|0|statement|connection 7|url jdbc:h2:mem:test|     drop table if exists users cascade |     drop table if exists users cascade 
1741858561084|0|statement|connection 7|url jdbc:h2:mem:test|     drop table if exists favorites cascade |     drop table if exists favorites cascade 
1741858561086|0|statement|connection 7|url jdbc:h2:mem:test|     drop table if exists feedback cascade |     drop table if exists feedback cascade 
1741858561086|0|statement|connection 7|url jdbc:h2:mem:test|     drop table if exists locations cascade |     drop table if exists locations cascade 
1741858561087|0|statement|connection 7|url jdbc:h2:mem:test|     drop table if exists places cascade |     drop table if exists places cascade 
1741858561087|0|statement|connection 7|url jdbc:h2:mem:test|     drop table if exists place_tags cascade |     drop table if exists place_tags cascade 
1741858561088|0|statement|connection 7|url jdbc:h2:mem:test|     drop table if exists reports cascade |     drop table if exists reports cascade 
1741858561088|0|statement|connection 7|url jdbc:h2:mem:test|     drop table if exists room_members cascade |     drop table if exists room_members cascade 
1741858561089|0|statement|connection 7|url jdbc:h2:mem:test|     drop table if exists rooms cascade |     drop table if exists rooms cascade 
1741858561089|0|statement|connection 7|url jdbc:h2:mem:test|     drop table if exists room_tags cascade |     drop table if exists room_tags cascade 
1741858561090|0|statement|connection 7|url jdbc:h2:mem:test|     drop table if exists tags cascade |     drop table if exists tags cascade 
1741858561090|0|statement|connection 7|url jdbc:h2:mem:test|     drop table if exists users cascade |     drop table if exists users cascade 
